<?xml version="1.0" encoding="UTF-8"?>
<!-- Generated by org.testng.reporters.JUnitXMLReporter -->
<testsuite ignored="0" hostname="DESKTOP-DMS24MU" failures="0" tests="3" name="Command line test" time="27.665" errors="0" timestamp="03 juin 2019 13:53:05 GMT">
  <testcase classname="tuto.eclipse.jal.selenium.ng.TestBookingNG" name="verifyHomepageTitle" time="3.291"/>
  <testcase classname="tuto.eclipse.testCases.TestBookingJAL1" name="testBooking1" time="1.299"/>
  <testcase classname="tuto.eclipse.jal.selenium.ng.TestBookingNG" name="verifyWeFindFlights" time="11.828"/>
</testsuite> <!-- Command line test -->
