<?xml version="1.0" encoding="UTF-8"?>
<testng-results ignored="0" total="3" passed="3" failed="0" skipped="0">
  <reporter-output>
  </reporter-output>
  <suite started-at="2019-06-03T13:52:37Z" name="Command line suite" finished-at="2019-06-03T13:53:05Z" duration-ms="27665">
    <groups>
    </groups>
    <test started-at="2019-06-03T13:52:37Z" name="Command line test" finished-at="2019-06-03T13:53:05Z" duration-ms="27665">
      <class name="tuto.eclipse.jal.selenium.ng.TestBookingNG">
        <test-method is-config="true" signature="loadTheDriver()[pri:0, instance:tuto.eclipse.jal.selenium.ng.TestBookingNG@7a1a14a4]" started-at="2019-06-03T13:52:37Z" name="loadTheDriver" finished-at="2019-06-03T13:52:41Z" duration-ms="3794" status="PASS">
          <reporter-output>
          </reporter-output>
        </test-method> <!-- loadTheDriver -->
        <test-method signature="verifyHomepageTitle()[pri:0, instance:tuto.eclipse.jal.selenium.ng.TestBookingNG@7a1a14a4]" started-at="2019-06-03T13:52:41Z" name="verifyHomepageTitle" finished-at="2019-06-03T13:52:44Z" duration-ms="3291" status="PASS">
          <reporter-output>
          </reporter-output>
        </test-method> <!-- verifyHomepageTitle -->
        <test-method signature="verifyWeFindFlights()[pri:1, instance:tuto.eclipse.jal.selenium.ng.TestBookingNG@7a1a14a4]" started-at="2019-06-03T13:52:45Z" name="verifyWeFindFlights" finished-at="2019-06-03T13:52:57Z" duration-ms="11828" status="PASS">
          <reporter-output>
          </reporter-output>
        </test-method> <!-- verifyWeFindFlights -->
        <test-method is-config="true" signature="closeTheDriver()[pri:0, instance:tuto.eclipse.jal.selenium.ng.TestBookingNG@7a1a14a4]" started-at="2019-06-03T13:52:57Z" name="closeTheDriver" finished-at="2019-06-03T13:53:05Z" duration-ms="7434" status="PASS">
          <reporter-output>
          </reporter-output>
        </test-method> <!-- closeTheDriver -->
      </class> <!-- tuto.eclipse.jal.selenium.ng.TestBookingNG -->
      <class name="tuto.eclipse.testCases.TestBookingJAL1">
        <test-method signature="testBooking1()[pri:0, instance:tuto.eclipse.testCases.TestBookingJAL1@265adfad]" started-at="2019-06-03T13:52:44Z" name="testBooking1" finished-at="2019-06-03T13:52:45Z" duration-ms="1299" status="PASS">
          <reporter-output>
          </reporter-output>
        </test-method> <!-- testBooking1 -->
      </class> <!-- tuto.eclipse.testCases.TestBookingJAL1 -->
    </test> <!-- Command line test -->
  </suite> <!-- Command line suite -->
</testng-results>
